Action.c(94):     Last-Modified: Thu, 12 Jan 2012 13:30:28 GMT\r\n
Action.c(94):     ETag: "90000000e15bf-2e6-4b654c0620500"\r\n
Action.c(94):     Accept-Ranges: bytes\r\n
Action.c(94):     Content-Length: 742\r\n
Action.c(94):     Keep-Alive: timeout=5, max=99\r\n
Action.c(94):     Connection: Keep-Alive\r\n
Action.c(94):     Content-Type: image/gif\r\n
Action.c(94):     \r\n
Action.c(94): t=1896508ms: 742-byte response body for "http://localhost:1080/WebTours/images/cancelallreservations.gif" (RelFrameId=, Internal ID=197)
Action.c(94): t=1896508ms: Request done "http://localhost:1080/WebTours/images/cancelallreservations.gif"  	[MsgId: MMSG-26000]
Action.c(94): Registered web_reg_find successful for "Text=<title>Flights List</title>" (count=1)  	[MsgId: MMSG-26364]
Action.c(94): Registered web_reg_find successful for "Text=User wants the intineraries" (count=1)  	[MsgId: MMSG-26364]
Action.c(94): web_image("Itinerary Button") was successful, 10456 body bytes, 1918 header bytes, 43 chunking overhead bytes  	[MsgId: MMSG-26385]
Action.c(99): Notify: Transaction "Goto_ItineraryPage" ended with a "Pass" status (Duration: 18,1658 Think Time: 18,0136 Wasted Time: 0,0003).	[MsgId: MMSG-16870]
Action.c(102): Notify: Parameter Substitution: parameter "countOfFlightsRegexp" =  "3"	[MsgId: MMSG-13992]
Action.c(104): Notify: Saving Parameter "countOfFlights = 3".	[MsgId: MMSG-13798]
Action.c(212): Notify: Saving Parameter "colDeleteFlights = 2".	[MsgId: MMSG-13798]
Action.c(214): Notify: Saving Parameter "del1 = LAST".	[MsgId: MMSG-13798]
Action.c(215): Notify: Saving Parameter "value1 = <OFF>".	[MsgId: MMSG-13798]
Action.c(216): Notify: Saving Parameter "del2 = LAST".	[MsgId: MMSG-13798]
Action.c(217): Notify: Saving Parameter "value2 = <OFF>".	[MsgId: MMSG-13798]
Action.c(218): Notify: Saving Parameter "del3 = LAST".	[MsgId: MMSG-13798]
Action.c(219): Notify: Saving Parameter "value3 = <OFF>".	[MsgId: MMSG-13798]
Action.c(220): Notify: Saving Parameter "del4 = LAST".	[MsgId: MMSG-13798]
Action.c(221): Notify: Saving Parameter "value4 = <OFF>".	[MsgId: MMSG-13798]
Action.c(222): Notify: Saving Parameter "del5 = LAST".	[MsgId: MMSG-13798]
Action.c(223): Notify: Saving Parameter "value5 = <OFF>".	[MsgId: MMSG-13798]
Action.c(224): Notify: Saving Parameter "del6 = LAST".	[MsgId: MMSG-13798]
Action.c(225): Notify: Saving Parameter "value6 = <OFF>".	[MsgId: MMSG-13798]
Action.c(226): Notify: Saving Parameter "del7 = LAST".	[MsgId: MMSG-13798]
Action.c(227): Notify: Saving Parameter "value7 = <OFF>".	[MsgId: MMSG-13798]
Action.c(228): Notify: Saving Parameter "del8 = LAST".	[MsgId: MMSG-13798]
Action.c(229): Notify: Saving Parameter "value8 = <OFF>".	[MsgId: MMSG-13798]
Action.c(230): Notify: Saving Parameter "del9 = LAST".	[MsgId: MMSG-13798]
Action.c(231): Notify: Saving Parameter "value9 = <OFF>".	[MsgId: MMSG-13798]
Action.c(232): Notify: Saving Parameter "del10 = LAST".	[MsgId: MMSG-13798]
Action.c(233): Notify: Saving Parameter "value10 = <OFF>".	[MsgId: MMSG-13798]
Action.c(262): Notify: Saving Parameter "del1 = Name=1".	[MsgId: MMSG-13798]
Action.c(263): Notify: Saving Parameter "value1 = on".	[MsgId: MMSG-13798]
Action.c(268): Notify: Saving Parameter "del2 = Name=3".	[MsgId: MMSG-13798]
Action.c(269): Notify: Saving Parameter "value2 = on".	[MsgId: MMSG-13798]
Action.c(115): Notify: Saving Parameter "countOfFlightsAfterDelete = 1".	[MsgId: MMSG-13798]
Action.c(120): Notify: Transaction "DeleteFlight" started.	[MsgId: MMSG-16999]
Action.c(122): web_add_auto_header("Origin") started  	[MsgId: MMSG-26355]
Action.c(122): An unrecognized header ("Origin") is being added  	[MsgId: MMSG-26595]
Action.c(122): "Origin: http://localhost:1080" header registered for adding to requests from all following Action functions  	[MsgId: MMSG-26505]
Action.c(122): web_add_auto_header("Origin") was successful  	[MsgId: MMSG-26392]
Action.c(123): web_add_auto_header("Sec-Fetch-User") started  	[MsgId: MMSG-26355]
Action.c(123): An unrecognized header ("Sec-Fetch-User") is being added  	[MsgId: MMSG-26595]
Action.c(123): "Sec-Fetch-User: ?1" header registered (superseding previous registration) for adding to requests from all following Action functions  	[MsgId: MMSG-26504]
Action.c(123): web_add_auto_header("Sec-Fetch-User") was successful  	[MsgId: MMSG-26392]
Action.c(124): lr_think_time: 7,00 seconds.	[MsgId: MMSG-15948]
Action.c(126): web_reg_find started  	[MsgId: MMSG-26355]
Action.c(126): Registering web_reg_find was successful  	[MsgId: MMSG-26390]
Action.c(133): web_reg_find started  	[MsgId: MMSG-26355]
Action.c(133): Notify: Parameter Substitution: parameter "countOfFlightsAfterDelete" =  "1"	[MsgId: MMSG-13992]
Action.c(133): Registering web_reg_find was successful  	[MsgId: MMSG-26390]
Action.c(136): web_submit_form("itinerary.pl") started  	[MsgId: MMSG-26355]
Action.c(136): Notify: Parameter Substitution: parameter "del1" =  "Name=1"	[MsgId: MMSG-13992]
Action.c(136): Notify: Parameter Substitution: parameter "value1" =  "on"	[MsgId: MMSG-13992]
Action.c(136): Notify: Parameter Substitution: parameter "del2" =  "Name=3"	[MsgId: MMSG-13992]
Action.c(136): Notify: Parameter Substitution: parameter "value2" =  "on"	[MsgId: MMSG-13992]
Action.c(136): Notify: Parameter Substitution: parameter "del3" =  "LAST"	[MsgId: MMSG-13992]
Action.c(136): Submitting form to "http://localhost:1080/cgi-bin/itinerary.pl", Target Frame=""  	[MsgId: MMSG-27978]
Action.c(136): t=1903519ms: Closed connection [0] to localhost:1080 after completing 3 request(s)  	[MsgId: MMSG-26000]
Action.c(136): t=1903519ms: Connecting [0] to host 127.0.0.1:1080  	[MsgId: MMSG-26000]
Action.c(136): t=1903519ms: Connected socket [0] from 127.0.0.1:24775 to 127.0.0.1:1080 in 0 ms  	[MsgId: MMSG-26000]
Action.c(136): t=1903519ms: 760-byte request headers for "http://localhost:1080/cgi-bin/itinerary.pl" (RelFrameId=1, Internal ID=198)
Action.c(136):     POST /cgi-bin/itinerary.pl HTTP/1.1\r\n
Action.c(136):     Content-Type: application/x-www-form-urlencoded\r\n
Action.c(136):     Referer: http://localhost:1080/cgi-bin/itinerary.pl\r\n
Action.c(136):     Sec-Fetch-Mode: navigate\r\n
Action.c(136):     Upgrade-Insecure-Requests: 1\r\n
Action.c(136):     Sec-Fetch-Dest: frame\r\n
Action.c(136):     Sec-Fetch-Site: same-origin\r\n
Action.c(136):     Sec-Fetch-User: ?1\r\n
Action.c(136):     Origin: http://localhost:1080\r\n
Action.c(136):     User-Agent: Mozilla/5.0 (Windows NT 10.0; Win64; x64; rv:122.0) Gecko/20100101 Firefox/122
Action.c(136):     .0\r\n
Action.c(136):     Accept-Encoding: gzip, deflate\r\n
Action.c(136):     Accept-Language: ru-RU,ru;q=0.8,en-US;q=0.5,en;q=0.3\r\n
Action.c(136):     Accept: */*\r\n
Action.c(136):     Connection: Keep-Alive\r\n
Action.c(136):     Host: localhost:1080\r\n
Action.c(136):     Cookie: MSO=SID&1706870706; MTUserInfo=firstName&Pauline&address2&Gorno-Altaisk%2FRepublic
Action.c(136):     _of_Karelia%2F0348&username&Pauline1189&hash&57&lastName&Borisova%0A&address1&Lenina&credi
Action.c(136):     tCard&&expDate&%0A\r\n
Action.c(136):     Content-Length: 165\r\n
Action.c(136):     \r\n
Action.c(136): t=1903520ms: 165-byte request body for "http://localhost:1080/cgi-bin/itinerary.pl" (RelFrameId=1, Internal ID=198)
Action.c(136):     1=on&flightID=76827785-7814-PB&flightID=768437457-16105-PB&3=on&flightID=76838665-2381-PB&
Action.c(136):     .cgifields=1&.cgifields=3&.cgifields=2&removeFlights.x=11&removeFlights.y=7
Action.c(136): t=1903527ms: Inactive socket [1] was closed by localhost:1080, probably due to Keep-Alive timeout  	[MsgId: MMSG-26000]
Action.c(136): t=1903527ms: Closed connection [1] to localhost:1080 after completing 2 request(s)  	[MsgId: MMSG-26000]
Action.c(136): t=1903532ms: Inactive socket [2] was closed by localhost:1080, probably due to Keep-Alive timeout  	[MsgId: MMSG-26000]
Action.c(136): t=1903533ms: Closed connection [2] to localhost:1080 after completing 1 request(s)  	[MsgId: MMSG-26000]
Action.c(136): t=1903538ms: Inactive socket [3] was closed by localhost:1080, probably due to Keep-Alive timeout  	[MsgId: MMSG-26000]
Action.c(136): t=1903538ms: Closed connection [3] to localhost:1080 after completing 1 request(s)  	[MsgId: MMSG-26000]
Action.c(136): t=1903576ms: 256-byte response headers for "http://localhost:1080/cgi-bin/itinerary.pl" (RelFrameId=1, Internal ID=198)
Action.c(136):     HTTP/1.1 200 OK\r\n
Action.c(136):     Date: Fri, 02 Feb 2024 10:45:44 GMT\r\n
Action.c(136):     Server: Apache/2.2.21 (Win32)\r\n
Action.c(136):     Expires: Thu, 01 Feb 2024 10:45:44 GMT\r\n
Action.c(136):     Keep-Alive: timeout=5, max=100\r\n
Action.c(136):     Connection: Keep-Alive\r\n
Action.c(136):     Transfer-Encoding: chunked\r\n
Action.c(136):     Content-Type: text/html; charset=ISO-8859-1\r\n
Action.c(136):     \r\n
Action.c(136): t=1903576ms: 5-byte chunked response overhead for "http://localhost:1080/cgi-bin/itinerary.pl" (RelFrameId=1, Internal ID=198)
Action.c(136):     b17\r\n
Action.c(136): t=1903576ms: 2-byte chunked response overhead for "http://localhost:1080/cgi-bin/itinerary.pl" (RelFrameId=1, Internal ID=198)
Action.c(136):     \r\n
Action.c(136): t=1903576ms: 2839-byte chunked response body for "http://localhost:1080/cgi-bin/itinerary.pl" (RelFrameId=1, Internal ID=198)
Action.c(136):     <!DOCTYPE html\n
Action.c(136):     \tPUBLIC "-//W3C//DTD XHTML 1.0 Transitional//EN"\n
Action.c(136):     \t "http://www.w3.org/TR/xhtml1/DTD/xhtml1-transitional.dtd">\n
Action.c(136):     <html xmlns="http://www.w3.org/1999/xhtml" lang="en-US" xml:lang="en-US">\n
Action.c(136):     <head>\n
Action.c(136):     <title>Flights List</title>\n
Action.c(136):     <meta http-equiv="Content-Type" content="text/html; charset=iso-8859-1" />\n
Action.c(136):     </head>\n
Action.c(136):     <body bgcolor="#E0E7F1">\n
Action.c(136):     <style>blockquote {font-family: tahoma; font-size : 10pt}H1 {font-family: tahoma; font-siz
Action.c(136):     e : 22pt; color: #993333}small {font-family: tahoma; font-size : 8pt}H3 {font-family: taho
Action.c(136):     ma; font-size : 10pt; color: black}TD {font-family: tahoma; font-size : 8pt; color: black}
Action.c(136):     </style><BR/><BR/><h1><font color="#003366">&nbsp;&nbsp;<b>Itinerary</font></b></h1><block
Action.c(136):     quote><form method="post" action="itinerary.pl" enctype="application/x-www-form-urlencoded
Action.c(136):     ">\n
Action.c(136):     <center>\n
Action.c(136):     <TABLE BORDER="0" WIDTH="85%" CELLSPACING="0">\n
Action.c(136):     <TR bgcolor="#5E7884">\n
Action.c(136):       <TD colspan="4" align="center"><font color="white"><B>Pauline Borisova\n
Action.c(136):      's Flight Transaction Summary</B></color></TD></TR>\n
Action.c(136):     \n
Action.c(136):     <!-- Flight #1 -->\n
Action.c(136):     <TR bgcolor="#EFF2F7">\n
Action.c(136):       <TD width="5%" rowspan="2" align="left" valign="top">\n
Action.c(136):     <b>\n
Action.c(136):     <label><input type="checkbox" name="1" value="on" /></label></font></b>\n
Action.c(136):     <input type="hidden" name="flightID" value="768437457-8413-PB"  />\n
Action.c(136):       </TD>\n
Action.c(136):       <TD width="45%" valign="top">\n
Action.c(136):           <b>&nbsp;&nbsp;7 First class tickets for :</b><br/>\n
Action.c(136):           <center><table border="0" width="85%"><tr><td>\n
Action.c(136):           <li><i>Pauline Borisova      <li><i>Anna Popova      <li><i>Vladimir Sorokin      <l
Action.c(136):     i><i>Elena Lebedeva      <li><i>Alexander Danilov      <li><i>Alina Stepanova      <li><i>
Action.c(136):     Anton Ershov\n
Action.c(136):           <li><i></i>\n
Action.c(136):           </td></tr></table></center>\n
Action.c(136):       </TD>\n
Action.c(136):       <TD width="5%" >.<br/>.<br/>.<br/>.</TD>\n
Action.c(136):       <TD width="45%" valign=top><b>Invoice sent to:</b><br/>\n
Action.c(136):           <center>\n
Action.c(136):           <Table width="80%" cellspacing="0" > <tr> <td>\n
Action.c(136):               Pauline Borisova\n
Action.c(136):     <br/>\n
Action.c(136):               Lenina<br/>\n
Action.c(136):               Gorno-Altaisk/Republic_of_Karelia/3711<br/>\n
Action.c(136):               <br/>\n
Action.c(136):               Total Charge: $ 9373 <BR/> (CC: x-2074)\n
Action.c(136):           </td> </tr> </table>\n
Action.c(136):           </center>\n
Action.c(136):       </TD>\n
Action.c(136):     </TR>\n
Action.c(136):     <TR bgcolor="#EFF2F7">\n
Action.c(136):       <TD COLSPAN="3">\n
Action.c(136):       <b>Flight Details:</b><BR/>  <center>\n
Action.c(136):       02/03/2024\n
Action.c(136):      :  1pm : Flight 781 leaves Seattle  for Sydney.<br>  </center>\n
Action.c(136):       </TD>\n
Action.c(136):     </TR>\n
Action.c(136):     \n
Action.c(136):     <TR bgcolor="#EFF2F7">\n
Action.c(136):       <TD COLSPAN="4">\n
Action.c(136):       <hr/>\n
Action.c(136):       </TD>\n
Action.c(136):     </TR>\n
Action.c(136):     <TR>\n
Action.c(136):        <TD align="center" COLSPAN="4">\n
Action.c(136):        <b>A total of 1 scheduled flights.</font></b>\n
Action.c(136):        </TD>\n
Action.c(136):     </TR>\n
Action.c(136):     </TABLE>\n
Action.c(136):     \n
Action.c(136):     <TABLE WIDTH="87%" BORDER="0" CELLSPACING="0">\n
Action.c(136):     <TR>\n
Action.c(136):     <TD align="left" width="50%" >\n
Action.c(136):     <input type="image" name="removeFlights" src="/WebTours/images/cancelreservation.gif" bord
Action.c(136):     er="0" /></TD>\n
Action.c(136):     <TD align="right" width="50%" >\n
Action.c(136):     <input type="image" name="removeAllFlights" src="/WebTours/images/cancelallreservations.gi
Action.c(136):     f" border="0" /></TD>\n
Action.c(136):     </TABLE>\n
Action.c(136):     \n
Action.c(136):     <div><input type="hidden" name=".cgifields" value="1"  /></div></form>\n
Action.c(136):     \n
Action.c(136):     </center>\n
Action.c(136):     \n
Action.c(136):     </body>\n
Action.c(136):     </html>
Action.c(136): Resource "http://localhost:1080/WebTours/images/cancelreservation.gif" is in the cache already and will not be downloaded again  	[MsgId: MMSG-26655]
Action.c(136): Resource "http://localhost:1080/WebTours/images/cancelallreservations.gif" is in the cache already and will not be downloaded again  	[MsgId: MMSG-26655]
Action.c(136): t=1903579ms: 5-byte chunked response overhead for "http://localhost:1080/cgi-bin/itinerary.pl" (RelFrameId=1, Internal ID=198)
Action.c(136):     0\r\n
Action.c(136):     \r\n
Action.c(136): t=1903579ms: Request done "http://localhost:1080/cgi-bin/itinerary.pl"  	[MsgId: MMSG-26000]
Action.c(136): Registered web_reg_find successful for "Text=<title>Flights List</title>" (count=1)  	[MsgId: MMSG-26364]
Action.c(136): Registered web_reg_find successful for "Text=A total of 1 scheduled flights" (count=1)  	[MsgId: MMSG-26364]
Action.c(136): web_submit_form("itinerary.pl") was successful, 2839 body bytes, 256 header bytes, 12 chunking overhead bytes  	[MsgId: MMSG-26385]
Action.c(153): Notify: Transaction "DeleteFlight" ended with a "Pass" status (Duration: 7,0696 Think Time: 7,0074 Wasted Time: 0,0000).	[MsgId: MMSG-16870]
Action.c(176): Notify: Transaction "Logout" started.	[MsgId: MMSG-16999]
Action.c(178): web_add_header("Sec-Fetch-User") started  	[MsgId: MMSG-26355]
Action.c(178): An unrecognized header ("Sec-Fetch-User") is being added  	[MsgId: MMSG-26595]
Action.c(178): "Sec-Fetch-User: ?1" header registered for adding to requests from the immediately following Action function  	[MsgId: MMSG-26506]
Action.c(178): web_add_header("Sec-Fetch-User") was successful  	[MsgId: MMSG-26392]
Action.c(179): lr_think_time: 10,00 seconds.	[MsgId: MMSG-15948]
Action.c(181): web_reg_find started  	[MsgId: MMSG-26355]
Action.c(181): Registering web_reg_find was successful  	[MsgId: MMSG-26390]
Action.c(183): web_image("SignOff Button") started  	[MsgId: MMSG-26355]
Action.c(183): Image-linking to "http://localhost:1080/cgi-bin/welcome.pl?signOff=1", Target Frame="body"  	[MsgId: MMSG-27993]
Action.c(183): t=1913590ms: Closed connection [0] to localhost:1080 after completing 1 request(s)  	[MsgId: MMSG-26000]
Action.c(183): t=1913590ms: Connecting [0] to host 127.0.0.1:1080  	[MsgId: MMSG-26000]
Action.c(183): t=1913591ms: Connected socket [0] from 127.0.0.1:24796 to 127.0.0.1:1080 in 1 ms  	[MsgId: MMSG-26000]
Action.c(183): t=1913591ms: 714-byte request headers for "http://localhost:1080/cgi-bin/welcome.pl?signOff=1" (RelFrameId=1, Internal ID=199)
Action.c(183):     GET /cgi-bin/welcome.pl?signOff=1 HTTP/1.1\r\n
Action.c(183):     Referer: http://localhost:1080/cgi-bin/nav.pl?page=menu&in=itinerary\r\n
Action.c(183):     Sec-Fetch-User: ?1\r\n
Action.c(183):     Sec-Fetch-Mode: navigate\r\n
Action.c(183):     Upgrade-Insecure-Requests: 1\r\n
Action.c(183):     Sec-Fetch-Dest: frame\r\n
Action.c(183):     Sec-Fetch-Site: same-origin\r\n
Action.c(183):     Origin: http://localhost:1080\r\n
Action.c(183):     User-Agent: Mozilla/5.0 (Windows NT 10.0; Win64; x64; rv:122.0) Gecko/20100101 Firefox/122
Action.c(183):     .0\r\n
Action.c(183):     Accept-Encoding: gzip, deflate\r\n
Action.c(183):     Accept-Language: ru-RU,ru;q=0.8,en-US;q=0.5,en;q=0.3\r\n
Action.c(183):     Accept: */*\r\n
Action.c(183):     Connection: Keep-Alive\r\n
Action.c(183):     Host: localhost:1080\r\n
Action.c(183):     Cookie: MSO=SID&1706870706; MTUserInfo=firstName&Pauline&address2&Gorno-Altaisk%2FRepublic
Action.c(183):     _of_Karelia%2F0348&username&Pauline1189&hash&57&lastName&Borisova%0A&address1&Lenina&credi
Action.c(183):     tCard&&expDate&%0A\r\n
Action.c(183):     \r\n
Action.c(183): t=1913638ms: 328-byte response headers for "http://localhost:1080/cgi-bin/welcome.pl?signOff=1" (RelFrameId=1, Internal ID=199)
Action.c(183):     HTTP/1.1 200 OK\r\n
Action.c(183):     Date: Fri, 02 Feb 2024 10:45:54 GMT\r\n
Action.c(183):     Server: Apache/2.2.21 (Win32)\r\n
Action.c(183):     Set-Cookie: MSO=SID&1706870755; path=/\r\n
Action.c(183):     Set-Cookie: MTUserInfo=; path=/; expires=Thu, 01-Feb-2024 10:45:55 GMT\r\n
Action.c(183):     Keep-Alive: timeout=5, max=100\r\n
Action.c(183):     Connection: Keep-Alive\r\n
Action.c(183):     Transfer-Encoding: chunked\r\n
Action.c(183):     Content-Type: text/html; charset=ISO-8859-1\r\n
Action.c(183):     \r\n
Action.c(183): t=1913638ms: 5-byte chunked response overhead for "http://localhost:1080/cgi-bin/welcome.pl?signOff=1" (RelFrameId=1, Internal ID=199)
Action.c(183):     2ae\r\n
Action.c(183): t=1913638ms: 2-byte chunked response overhead for "http://localhost:1080/cgi-bin/welcome.pl?signOff=1" (RelFrameId=1, Internal ID=199)
Action.c(183):     \r\n
Action.c(183): t=1913638ms: 686-byte chunked response body for "http://localhost:1080/cgi-bin/welcome.pl?signOff=1" (RelFrameId=1, Internal ID=199)
Action.c(183):     <!-- \n
Action.c(183):      A Session ID has been created and loaded into a cookie called MSO.\n
Action.c(183):      Also, the server options have been loaded into the cookie called\n
Action.c(183):      MSO as well.  The server options can be set via the Admin page.\n
Action.c(183):      --->\n
Action.c(183):     \n
Action.c(183):     <html>\n
Action.c(183):     <title>Web Tours</title>\n
Action.c(183):        <!-- Frame Set -->\n
Action.c(183):        <frameset cols="160,*" border="1" frameborder="1">\n
Action.c(183):           <!-- Navigation Frame -->\n
Action.c(183):           <frame src="nav.pl?in=home" name="navbar" marginheight="2" marginwidth="2" \n
Action.c(183):                 noresize="noresize" scrolling="auto"/>\n
Action.c(183):           <!-- Home Frame -->\n
Action.c(183):           <frame src="/WebTours/home.html" name="info" marginheight="2" marginwidth="2" \n
Action.c(183):                 noresize="noresize" scrolling="auto"/>\n
Action.c(183):        </frameset>\n
Action.c(183):     </html>\n
Action.c(183):     \n
Action.c(183):     </body>\n
Action.c(183):     </html>
Action.c(183): Detected non-resource "http://localhost:1080/cgi-bin/nav.pl?in=home" in "http://localhost:1080/cgi-bin/welcome.pl?signOff=1"  	[MsgId: MMSG-26574]
Action.c(183): Detected non-resource "http://localhost:1080/WebTours/home.html" in "http://localhost:1080/cgi-bin/welcome.pl?signOff=1"  	[MsgId: MMSG-26574]
Action.c(183): Retrieving data from cache for "http://localhost:1080/WebTours/home.html"  	[MsgId: MMSG-26558]
Action.c(183): t=1913639ms: 1361-byte response body retrieved from cache for "http://localhost:1080/WebTours/home.html" (RelFrameId=1.2, Internal ID=201)
Action.c(183):     <HTML>\n
Action.c(183):     <HEAD>\n
Action.c(183):     \t<title>Web Tours</title>\n
Action.c(183):     </HEAD>\n
Action.c(183):     <style>\n
Action.c(183):     \tblockquote {font-family: tahoma; font-size : 10pt}\n
Action.c(183):     \tH1 {font-family: tahoma; font-size : 22pt; color: #003366}\n
Action.c(183):     \tsmall {font-family: tahoma; font-size : 8pt}\n
Action.c(183):     \tH3{font-family: tahoma; font-size : 10pt; color: black}\n
Action.c(183):     \tA {FONT-WEIGHT: bold; FONT-SIZE: 10pt; COLOR: black; FONT-FAMILY: Tahoma; TEXT-DECORATIO
Action.c(183):     N: none}\n
Action.c(183):     \tA:hover{ FONT-WEIGHT: bold; FONT-SIZE: 10pt; COLOR: #993333; FONT-FAMILY: Tahoma;TEXT-DE
Action.c(183):     CORATION: underline}\n
Action.c(183):     \tTD {font-family: tahoma; font-size : 10pt; color: black}\n
Action.c(183):     </style>\n
Action.c(183):     <body bgcolor="#e0e7f1">\n
Action.c(183):     <BR/>\n
Action.c(183):     <BR/>\n
Action.c(183):     <BR/>\n
Action.c(183):     <br/>\n
Action.c(183):     <table border="0">\n
Action.c(183):     <tr><td></td></tr>\n
Action.c(183):     <TR><TD></TD></TR>\n
Action.c(183):     <TR><TD>\n
Action.c(183):     <blockquote>\n
Action.c(183):     <H1><b>Web Tours</b></H1>\n
Action.c(183):     Welcome to the Web Tours site.\n
Action.c(183):     <br/>\n
Action.c(183):     To make reservations,please enter your account information to the left.\n
Action.c(183):     <br/>\n
Action.c(183):     If you haven't registered yet, <A href="/cgi-bin/login.pl?username=&amp;password=&amp;getI
Action.c(183):     nfo=true" ><B>sign up now</B></A> to get access to all our resources.\n
Action.c(183):     <br/>\n
Action.c(183):     To configure the server options, use <A href="/cgi-bin/admin.pl" target="body" ><b>adminis
Action.c(183):     tration</b></A> link.\n
Action.c(183):     <br/><br/><br/><br/><br/><br/>\n
Action.c(183):     <br/><small>\n
Action.c(183):     This product uses parts of the SMT Kernel, Copyright (c) 1991-99 <A href="http://www.imati
Action.c(183):     x.com" target="new"><B><small>iMatix Corporation</small></B></A> \n
Action.c(183):     </small>\n
Action.c(183):     </blockquote></TD>\n
Action.c(183):     <TD></TD></TR>\n
Action.c(183):     </table>\n
Action.c(183):     </body>\n
Action.c(183):     </HTML>\n
Action.c(183): t=1913641ms: Connecting [1] to host 127.0.0.1:1080  	[MsgId: MMSG-26000]
Action.c(183): t=1913641ms: Connected socket [1] from 127.0.0.1:24797 to 127.0.0.1:1080 in 0 ms  	[MsgId: MMSG-26000]
Action.c(183): t=1913641ms: 527-byte request headers for "http://localhost:1080/cgi-bin/nav.pl?in=home" (RelFrameId=1.1, Internal ID=200)
Action.c(183):     GET /cgi-bin/nav.pl?in=home HTTP/1.1\r\n
Action.c(183):     Referer: http://localhost:1080/cgi-bin/welcome.pl?signOff=1\r\n
Action.c(183):     Sec-Fetch-User: ?1\r\n
Action.c(183):     Sec-Fetch-Mode: navigate\r\n
Action.c(183):     Upgrade-Insecure-Requests: 1\r\n
Action.c(183):     Sec-Fetch-Dest: frame\r\n
Action.c(183):     Sec-Fetch-Site: same-origin\r\n
Action.c(183):     Origin: http://localhost:1080\r\n
Action.c(183):     User-Agent: Mozilla/5.0 (Windows NT 10.0; Win64; x64; rv:122.0) Gecko/20100101 Firefox/122
Action.c(183):     .0\r\n
Action.c(183):     Accept-Encoding: gzip, deflate\r\n
Action.c(183):     Accept-Language: ru-RU,ru;q=0.8,en-US;q=0.5,en;q=0.3\r\n
Action.c(183):     Accept: */*\r\n
Action.c(183):     Connection: Keep-Alive\r\n
Action.c(183):     Host: localhost:1080\r\n
Action.c(183):     Cookie: MSO=SID&1706870755\r\n
Action.c(183):     \r\n
Action.c(183): t=1913642ms: 5-byte chunked response overhead for "http://localhost:1080/cgi-bin/welcome.pl?signOff=1" (RelFrameId=1, Internal ID=199)
Action.c(183):     0\r\n
Action.c(183):     \r\n
Action.c(183): t=1913642ms: Request done "http://localhost:1080/cgi-bin/welcome.pl?signOff=1"  	[MsgId: MMSG-26000]
Action.c(183): t=1913688ms: 256-byte response headers for "http://localhost:1080/cgi-bin/nav.pl?in=home" (RelFrameId=1.1, Internal ID=200)
Action.c(183):     HTTP/1.1 200 OK\r\n
Action.c(183):     Date: Fri, 02 Feb 2024 10:45:55 GMT\r\n
Action.c(183):     Server: Apache/2.2.21 (Win32)\r\n
Action.c(183):     Expires: Thu, 01 Feb 2024 10:45:55 GMT\r\n
Action.c(183):     Keep-Alive: timeout=5, max=100\r\n
Action.c(183):     Connection: Keep-Alive\r\n
Action.c(183):     Transfer-Encoding: chunked\r\n
Action.c(183):     Content-Type: text/html; charset=ISO-8859-1\r\n
Action.c(183):     \r\n
Action.c(183): t=1913689ms: 5-byte chunked response overhead for "http://localhost:1080/cgi-bin/nav.pl?in=home" (RelFrameId=1.1, Internal ID=200)
Action.c(183):     5d2\r\n
Action.c(183): t=1913689ms: 2-byte chunked response overhead for "http://localhost:1080/cgi-bin/nav.pl?in=home" (RelFrameId=1.1, Internal ID=200)
Action.c(183):     \r\n
Action.c(183): t=1913689ms: 1490-byte chunked response body for "http://localhost:1080/cgi-bin/nav.pl?in=home" (RelFrameId=1.1, Internal ID=200)
Action.c(183):     <!DOCTYPE html\n
Action.c(183):     \tPUBLIC "-//W3C//DTD XHTML 1.0 Transitional//EN"\n
Action.c(183):     \t "http://www.w3.org/TR/xhtml1/DTD/xhtml1-transitional.dtd">\n
Action.c(183):     <html xmlns="http://www.w3.org/1999/xhtml" lang="en-US" xml:lang="en-US">\n
Action.c(183):     <head>\n
Action.c(183):     <title>Web Tours Navigation Bar</title>\n
Action.c(183):     <meta http-equiv="Content-Type" content="text/html; charset=iso-8859-1" />\n
Action.c(183):     </head>\n
Action.c(183):     <body bgcolor="#E0E7F1">\n
Action.c(183):     <style>\n
Action.c(183):     blockquote {font-family: tahoma; font-size : 10pt}\n
Action.c(183):     H1 {font-family: tahoma; font-size : 22pt; color: #993333}\n
Action.c(183):     H3 {font-family: tahoma; font-size : 10pt; color: black}\n
Action.c(183):     small {font-family: tahoma; font-size : 8pt}\n
Action.c(183):     </style>\n
Action.c(183):     <form method="post" action="/cgi-bin/login.pl" target="body">\n
Action.c(183):     <input type="hidden" name="userSession" value="138264.135682463HVVVQzVptHQVzzzHtczHVpHziiH
Action.c(183):     f"/>\n
Action.c(183):     <table border="0"><tr><td>&nbsp;</td>\n
Action.c(183):     <td>&nbsp;</td></tr>\n
Action.c(183):     <tr><td>&nbsp;</td>\n
Action.c(183):     <td>&nbsp;</td></tr>\n
Action.c(183):     <tr><td>&nbsp;</td>\n
Action.c(183):     <td><small>&nbsp;Username</small></td></tr>\n
Action.c(183):     <tr><td>&nbsp;</td>\n
Action.c(183):     <td><input type="text" name="username" value="" size="14" maxlength="14"/></td></tr>\n
Action.c(183):     <tr><td>&nbsp;</td>\n
Action.c(183):     <td><small>&nbsp;Password</small></td>\n
Action.c(183):     <tr><td>&nbsp;</td>\n
Action.c(183):     <td><input type="password" name="password" value="" size="14" maxlength="14"/></td></tr>\n
Action.c(183):     <tr><td>&nbsp;</td>\n
Action.c(183):     <td>&nbsp;</td></tr>\n
Action.c(183):     <tr><td>&nbsp;</td>\n
Action.c(183):     <td><input type="image" name="login" value="Login" alt="Login" border="1" \n
Action.c(183):     src="/WebTours/images/mer_login.gif"/></td></tr>\n
Action.c(183):     <tr><td>&nbsp;</td><td>&nbsp;</td></tr>\n
Action.c(183):     </table><input type="hidden" name="JSFormSubmit" value="off"/>\n
Action.c(183):     </form>\n
Action.c(183):     \n
Action.c(183):     </body>\n
Action.c(183):     </html>\n
Action.c(183): Resource "http://localhost:1080/WebTours/images/mer_login.gif" is in the cache already and will not be downloaded again  	[MsgId: MMSG-26655]
Action.c(183): t=1913691ms: 5-byte chunked response overhead for "http://localhost:1080/cgi-bin/nav.pl?in=home" (RelFrameId=1.1, Internal ID=200)
Action.c(183):     0\r\n
Action.c(183):     \r\n
Action.c(183): t=1913691ms: Request done "http://localhost:1080/cgi-bin/nav.pl?in=home"  	[MsgId: MMSG-26000]
Action.c(183): Registered web_reg_find successful for "Text=A Session ID has been created and loaded into a cookie called MSO" (count=1)  	[MsgId: MMSG-26364]
Action.c(183): web_image("SignOff Button") was successful, 2176 body bytes, 584 header bytes, 24 chunking overhead bytes  	[MsgId: MMSG-26385]
Action.c(188): Notify: Transaction "Logout" ended with a "Pass" status (Duration: 10,1122 Think Time: 10,0096 Wasted Time: 0,0000).	[MsgId: MMSG-16870]
Action.c(191): Notify: Transaction "UC5_DeleteBooking" ended with a "Pass" status (Duration: 48,7468 Think Time: 48,0378 Wasted Time: 0,0004).	[MsgId: MMSG-16870]
Ending action Action.	[MsgId: MMSG-15918]
Action was aborted.	[MsgId: MMSG-10694]
Ending Vuser...	[MsgId: MMSG-15966]
Starting action vuser_end.	[MsgId: MMSG-15919]
Ending action vuser_end.	[MsgId: MMSG-15918]
Vuser Terminated.	[MsgId: MMSG-15963]
Action.c(136): t=1913692ms: Closed connection [0] to localhost:1080 after completing 1 request(s)  	[MsgId: MMSG-26000]
Action.c(136): t=1913692ms: Closed connection [1] to localhost:1080 after completing 1 request(s)  	[MsgId: MMSG-26000]
HTML-Mode memory management statistics: Reusable=7, NonReusable=0, CsMemBlockSize=4096, checks disabled  	[MsgId: MMSG-26000]
Vuser 4 (thread 12776), ended OK."	[MsgId: MMSG-10695]
